<?xml version="1.0" encoding="UTF-8"?>
<!-- Generated by org.testng.reporters.JUnitXMLReporter -->
<testsuite ignored="0" hostname="LIN51015391" failures="0" tests="4" name="EndtoEndTest" time="38.562" errors="0" timestamp="26 Mar 2024 08:16:04 GMT">
  <testcase classname="mylearnings.tests.EndToEndTest" name="placeOrder" time="4.469"/>
  <testcase classname="mylearnings.tests.EndToEndTest" name="placeOrder" time="4.697"/>
  <testcase classname="mylearnings.tests.EndToEndTest" name="verifyOrderedProduct" time="1.521"/>
  <testcase classname="mylearnings.tests.EndToEndTest" name="verifyOrderedProduct" time="1.586"/>
</testsuite> <!-- EndtoEndTest -->
