<?xml version="1.0" encoding="UTF-8"?>
<!-- Generated by org.testng.reporters.JUnitXMLReporter -->
<testsuite ignored="0" hostname="LIN51015391" failures="1" tests="2" name="ErrorValidations" time="15.921" errors="0" timestamp="26 Mar 2024 08:16:21 GMT">
  <testcase classname="mylearnings.tests.ErrorValidationTest" name="ProductErrorValidation" time="1.137"/>
  <testcase classname="mylearnings.tests.ErrorValidationTest" name="loginErrorValidationTest" time="0.821">
    <failure type="java.lang.AssertionError" message="expected [Incorrect password.] but found [Incorrect email or password.]">
      <![CDATA[java.lang.AssertionError: expected [Incorrect password.] but found [Incorrect email or password.]
	at mylearnings.tests.ErrorValidationTest.loginErrorValidationTest(ErrorValidationTest.java:24)
... Removed 31 stack frames]]>
    </failure>
  </testcase> <!-- loginErrorValidationTest -->
</testsuite> <!-- ErrorValidations -->
