<?xml version="1.0" encoding="UTF-8"?>
<!-- Generated by org.testng.reporters.JUnitXMLReporter -->
<testsuite ignored="2" hostname="LIN51015391" failures="0" tests="0" time="0.002" errors="0" timestamp="01 Apr 2024 16:48:55 GMT">
  <testcase classname="mylearnings.tests.EndToEndTest" name="placeOrder" time="0.0">
    <ignored/>
  </testcase> <!-- placeOrder -->
  <testcase classname="mylearnings.tests.EndToEndTest" name="verifyOrderedProduct" time="0.0">
    <ignored/>
  </testcase> <!-- verifyOrderedProduct -->
</testsuite>
