<?xml version="1.0" encoding="UTF-8"?>
<!-- Generated by org.testng.reporters.JUnitXMLReporter -->
<testsuite ignored="1" hostname="LIN51015391" failures="1" tests="1" name="ErrorValidations" time="8.828" errors="0" timestamp="01 Apr 2024 16:49:04 GMT">
  <testcase classname="mylearnings.tests.ErrorValidationTest" name="loginErrorValidationTest" time="0.911">
    <failure type="java.lang.AssertionError" message="expected [Incorrect password.] but found [Incorrect email or password.]">
      <![CDATA[java.lang.AssertionError: expected [Incorrect password.] but found [Incorrect email or password.]
at mylearnings.tests.ErrorValidationTest.loginErrorValidationTest(ErrorValidationTest.java:24)
... Removed 35 stack frames]]>
    </failure>
  </testcase> <!-- loginErrorValidationTest -->
  <testcase classname="mylearnings.tests.ErrorValidationTest" name="ProductErrorValidation" time="0.0">
    <ignored/>
  </testcase> <!-- ProductErrorValidation -->
</testsuite> <!-- ErrorValidations -->
